examples/s3_example.py:37: error: Unexpected keyword argument "mfa" for "delete" of "BucketObjectsCollection"  [call-arg]
examples/s3_example.py:40: error: Argument "Config" to "upload_file" of "Bucket" has incompatible type "str"; expected "TransferConfig | None"  [arg-type]
examples/s3_example.py:41: error: Missing key "Key" for TypedDict "BucketUploadFileRequestTypeDef"  [typeddict-item]
examples/s3_example.py:41: error: Extra key "key" for TypedDict "BucketUploadFileRequestTypeDef"  [typeddict-unknown-key]
examples/s3_example.py:45: error: Missing key "Key" for TypedDict "CopySourceTypeDef"  [typeddict-item]
examples/s3_example.py:45: error: Extra key "key" for TypedDict "CopySourceTypeDef"  [typeddict-unknown-key]
examples/s3_example.py:53: error: Argument "CopySource" to "copy_from" of "ObjectSummary" has incompatible type "int"; expected "str | CopySourceTypeDef"  [arg-type]
examples/s3_example.py:57: error: Argument "RequestPayer" to "abort" of "MultipartUpload" has incompatible type "Literal['none']"; expected "Literal['requester']"  [arg-type]
examples/s3_example.py:59: error: Unexpected keyword argument "wrong_arg" for "delete" of "Bucket"  [call-arg]
examples/s3_example.py:71: error: Argument 3 to "download_fileobj" of "S3Client" has incompatible type "bytes"; expected "IO[Any] | StreamingBody"  [arg-type]
examples/s3_example.py:72: error: Argument "IfModifiedSince" to "get_object" of "S3Client" has incompatible type "None"; expected "datetime | str"  [arg-type]
examples/s3_example.py:75: error: Unexpected keyword argument "bucket" for "wait" of "BucketExistsWaiter"; did you mean "Bucket"?  [call-arg]
examples/s3_example.py:82: error: Missing named argument "Key" for "get_object" of "S3Client"  [call-arg]
examples/s3_example.py:85: error: TypedDict "GetObjectOutputTypeDef" has no key "expiration"  [typeddict-item]
examples/s3_example.py:85: note: Did you mean "Expiration"?
examples/s3_example.py:92: error: Missing key "AllowedOrigins" for TypedDict "CORSRuleTypeDef"  [typeddict-item]
examples/s3_example.py:92: error: Extra key "Allowedorigins" for TypedDict "CORSRuleTypeDef"  [typeddict-unknown-key]
examples/s3_example.py:99: error: Argument "Key" to "get_object" of "S3Client" has incompatible type "None"; expected "str"  [arg-type]
examples/s3_example.py:101: error: "BotocoreClientError" has no attribute "operations_name"; maybe "operation_name"?  [attr-defined]
Found 18 errors in 1 file (checked 1 source file)