integration/types_boto3_lite/s3_example.py:34: error: Unexpected keyword argument "mfa" for "delete" of "BucketObjectsCollection"  [call-arg]
integration/types_boto3_lite/s3_example.py:37: error: Argument "Config" to "upload_file" of "Bucket" has incompatible type "str"; expected "TransferConfig | None"  [arg-type]
integration/types_boto3_lite/s3_example.py:38: error: Missing key "Key" for TypedDict "BucketUploadFileRequestTypeDef"  [typeddict-item]
integration/types_boto3_lite/s3_example.py:38: error: Extra key "key" for TypedDict "BucketUploadFileRequestTypeDef"  [typeddict-unknown-key]
integration/types_boto3_lite/s3_example.py:42: error: Missing key "Key" for TypedDict "CopySourceTypeDef"  [typeddict-item]
integration/types_boto3_lite/s3_example.py:42: error: Extra key "key" for TypedDict "CopySourceTypeDef"  [typeddict-unknown-key]
integration/types_boto3_lite/s3_example.py:50: error: Argument "CopySource" to "copy_from" of "ObjectSummary" has incompatible type "int"; expected "str | CopySourceTypeDef"  [arg-type]
integration/types_boto3_lite/s3_example.py:54: error: Argument "RequestPayer" to "abort" of "MultipartUpload" has incompatible type "Literal['none']"; expected "Literal['requester']"  [arg-type]
integration/types_boto3_lite/s3_example.py:55: error: Argument 1 to "Part" of "MultipartUpload" has incompatible type "str"; expected "int"  [arg-type]
integration/types_boto3_lite/s3_example.py:56: error: Unexpected keyword argument "wrong_arg" for "delete" of "Bucket"  [call-arg]
integration/types_boto3_lite/s3_example.py:68: error: Argument 3 to "download_fileobj" of "S3Client" has incompatible type "bytes"; expected "IO[Any] | StreamingBody"  [arg-type]
integration/types_boto3_lite/s3_example.py:69: error: Argument "IfModifiedSince" to "get_object" of "S3Client" has incompatible type "None"; expected "datetime | str"  [arg-type]
integration/types_boto3_lite/s3_example.py:72: error: Unexpected keyword argument "bucket" for "wait" of "BucketExistsWaiter"; did you mean "Bucket"?  [call-arg]
integration/types_boto3_lite/s3_example.py:79: error: Missing named argument "Key" for "get_object" of "S3Client"  [call-arg]
integration/types_boto3_lite/s3_example.py:82: error: TypedDict "GetObjectOutputTypeDef" has no key "expiration"  [typeddict-item]
integration/types_boto3_lite/s3_example.py:82: note: Did you mean "Expiration"?
integration/types_boto3_lite/s3_example.py:89: error: List item 0 has incompatible type "dict[str, Sequence[str]]"; expected "CORSRuleTypeDef | CORSRuleOutputTypeDef"  [list-item]
integration/types_boto3_lite/s3_example.py:96: error: Argument "Key" to "get_object" of "S3Client" has incompatible type "None"; expected "str"  [arg-type]
integration/types_boto3_lite/s3_example.py:98: error: "ClientError" has no attribute "operations_name"; maybe "operation_name"?  [attr-defined]
integration/types_boto3_lite/s3_example.py:106: error: "ClientError" has no attribute "operations_names"; maybe "operation_name"?  [attr-defined]
Found 19 errors in 1 file (checked 1 source file)